[debug] [2021-06-25T05:00:36.439Z] ----------------------------------------------------------------------
[debug] [2021-06-25T05:00:36.446Z] Command:       C:\Program Files\nodejs\node.exe C:\Users\Sai\AppData\Roaming\npm\node_modules\firebase-tools\lib\bin\firebase.js init
[debug] [2021-06-25T05:00:36.447Z] CLI Version:   9.13.1
[debug] [2021-06-25T05:00:36.448Z] Platform:      win32
[debug] [2021-06-25T05:00:36.448Z] Node Version:  v14.17.1
[debug] [2021-06-25T05:00:36.451Z] Time:          Fri Jun 25 2021 10:30:36 GMT+0530 (India Standard Time)
[debug] [2021-06-25T05:00:36.452Z] ----------------------------------------------------------------------
[debug] 
[debug] [2021-06-25T05:00:36.460Z] >>> [apiv2][query] GET https://firebase-public.firebaseio.com/cli.json [none]
[debug] [2021-06-25T05:00:36.526Z] > command requires scopes: ["email","openid","https://www.googleapis.com/auth/cloudplatformprojects.readonly","https://www.googleapis.com/auth/firebase","https://www.googleapis.com/auth/cloud-platform"]
[debug] [2021-06-25T05:00:36.527Z] > authorizing via signed-in user (saisankeerth1998@gmail.com)
[info] 
     ######## #### ########  ######## ########     ###     ######  ########
     ##        ##  ##     ## ##       ##     ##  ##   ##  ##       ##
     ######    ##  ########  ######   ########  #########  ######  ######
     ##        ##  ##    ##  ##       ##     ## ##     ##       ## ##
     ##       #### ##     ## ######## ########  ##     ##  ######  ########

You're about to initialize a Firebase project in this directory:

  C:\registerForm

Before we get started, keep in mind:

  * You are currently outside your home directory

[debug] [2021-06-25T05:00:37.577Z] <<< [apiv2][status] GET https://firebase-public.firebaseio.com/cli.json 200
[debug] [2021-06-25T05:00:37.578Z] <<< [apiv2][body] GET https://firebase-public.firebaseio.com/cli.json {"cloudBuildErrorAfter":1594252800000,"cloudBuildWarnAfter":1590019200000,"defaultNode10After":1594252800000,"minVersion":"3.0.5","node8DeploysDisabledAfter":1613390400000,"node8RuntimeDisabledAfter":1615809600000,"node8WarnAfter":1600128000000}
[info] 
=== Project Setup
[info] 
[info] First, let's associate this project directory with a Firebase project.
[info] You can create multiple project aliases by running firebase use --add, 
[info] but for now we'll just set up a default project.
[info] 
